[debug] [2026-04-28T11:47:26.004Z] ----------------------------------------------------------------------
[debug] [2026-04-28T11:47:26.005Z] Command:       /opt/homebrew/Cellar/node@22/22.22.0/bin/node /opt/homebrew/bin/firebase emulators:start --only functions
[debug] [2026-04-28T11:47:26.005Z] CLI Version:   15.9.0
[debug] [2026-04-28T11:47:26.005Z] Platform:      darwin
[debug] [2026-04-28T11:47:26.005Z] Node Version:  v22.22.0
[debug] [2026-04-28T11:47:26.005Z] Time:          Tue Apr 28 2026 17:47:26 GMT+0600 (Bangladesh Standard Time)
[debug] [2026-04-28T11:47:26.005Z] ----------------------------------------------------------------------
[debug] 
[debug] [2026-04-28T11:47:26.796Z] > command requires scopes: ["email","openid","https://www.googleapis.com/auth/cloudplatformprojects.readonly","https://www.googleapis.com/auth/firebase","https://www.googleapis.com/auth/cloud-platform"]
[debug] [2026-04-28T11:47:26.796Z] > authorizing via signed-in user (iamahadul@gmail.com)
[info] i  emulators: Starting emulators: functions {"metadata":{"emulator":{"name":"hub"},"message":"Starting emulators: functions"}}
[debug] [2026-04-28T11:47:27.004Z] [logging] Logging Emulator only supports listening on one address (127.0.0.1). Not listening on ::1
[debug] [2026-04-28T11:47:27.004Z] assigned listening specs for emulators {"user":{"hub":[{"address":"127.0.0.1","family":"IPv4","port":4400},{"address":"::1","family":"IPv6","port":4400}],"ui":[{"address":"127.0.0.1","family":"IPv4","port":4000},{"address":"::1","family":"IPv6","port":4000}],"logging":[{"address":"127.0.0.1","family":"IPv4","port":4500}]},"metadata":{"message":"assigned listening specs for emulators"}}
[debug] [2026-04-28T11:47:27.006Z] Write emulator hub locator at /var/folders/s3/p5c3byds48d1sjwc45kq2m8h0000gn/T/hub-tooybd.json
[debug] [2026-04-28T11:47:27.201Z] [functions] Functions Emulator only supports listening on one address (127.0.0.1). Not listening on ::1
[debug] [2026-04-28T11:47:27.201Z] [eventarc] Eventarc Emulator only supports listening on one address (127.0.0.1). Not listening on ::1
[debug] [2026-04-28T11:47:27.201Z] [tasks] Cloud Tasks Emulator only supports listening on one address (127.0.0.1). Not listening on ::1
[debug] [2026-04-28T11:47:27.201Z] late-assigned ports for functions and eventarc emulators {"user":{"hub":[{"address":"127.0.0.1","family":"IPv4","port":4400},{"address":"::1","family":"IPv6","port":4400}],"ui":[{"address":"127.0.0.1","family":"IPv4","port":4000},{"address":"::1","family":"IPv6","port":4000}],"logging":[{"address":"127.0.0.1","family":"IPv4","port":4500}],"functions":[{"address":"127.0.0.1","family":"IPv4","port":5001}],"eventarc":[{"address":"127.0.0.1","family":"IPv4","port":9299}],"tasks":[{"address":"127.0.0.1","family":"IPv4","port":9499}]},"metadata":{"message":"late-assigned ports for functions and eventarc emulators"}}
[warn] ⚠  functions: The following emulators are not running, calls to these services from the Functions emulator will affect production: apphosting, auth, firestore, database, hosting, pubsub, storage, dataconnect {"metadata":{"emulator":{"name":"functions"},"message":"The following emulators are not running, calls to these services from the Functions emulator will affect production: \u001b[1mapphosting, auth, firestore, database, hosting, pubsub, storage, dataconnect\u001b[22m"}}
[debug] [2026-04-28T11:47:27.210Z] defaultcredentials: writing to file /Users/coder618/.config/firebase/iamahadul_gmail_com_application_default_credentials.json
[debug] [2026-04-28T11:47:27.211Z] Setting GAC to /Users/coder618/.config/firebase/iamahadul_gmail_com_application_default_credentials.json {"metadata":{"emulator":{"name":"functions"},"message":"Setting GAC to /Users/coder618/.config/firebase/iamahadul_gmail_com_application_default_credentials.json"}}
[debug] [2026-04-28T11:47:27.211Z] Checked if tokens are valid: false, expires at: 1777374989205
[debug] [2026-04-28T11:47:27.211Z] Checked if tokens are valid: false, expires at: 1777374989205
[debug] [2026-04-28T11:47:27.211Z] > refreshing access token with scopes: []
[debug] [2026-04-28T11:47:27.212Z] >>> [apiv2][query] POST https://www.googleapis.com/oauth2/v3/token [none]
[debug] [2026-04-28T11:47:27.212Z] >>> [apiv2][body] POST https://www.googleapis.com/oauth2/v3/token [omitted]
[debug] [2026-04-28T11:47:27.402Z] <<< [apiv2][status] POST https://www.googleapis.com/oauth2/v3/token 200
[debug] [2026-04-28T11:47:27.402Z] <<< [apiv2][body] POST https://www.googleapis.com/oauth2/v3/token [omitted]
[debug] [2026-04-28T11:47:27.411Z] >>> [apiv2][query] GET https://firebase.googleapis.com/v1beta1/projects/tooybd/adminSdkConfig [none]
[debug] [2026-04-28T11:47:27.938Z] <<< [apiv2][status] GET https://firebase.googleapis.com/v1beta1/projects/tooybd/adminSdkConfig 200
[debug] [2026-04-28T11:47:27.938Z] <<< [apiv2][body] GET https://firebase.googleapis.com/v1beta1/projects/tooybd/adminSdkConfig {"projectId":"tooybd","storageBucket":"tooybd.firebasestorage.app"}
[info] i  functions: Watching "/Users/coder618/Desktop/Personal/toys/toys-website/functions" for Cloud Functions... {"metadata":{"emulator":{"name":"functions"},"message":"Watching \"/Users/coder618/Desktop/Personal/toys/toys-website/functions\" for Cloud Functions..."}}
[debug] [2026-04-28T11:47:27.952Z] Validating nodejs source
[debug] [2026-04-28T11:47:28.625Z] > [functions] package.json contents: {
  "name": "functions",
  "scripts": {
    "build": "tsc",
    "build:watch": "tsc --watch",
    "serve": "npm run build && firebase emulators:start --only functions",
    "shell": "npm run build && firebase functions:shell",
    "start": "npm run shell",
    "deploy": "firebase deploy --only functions",
    "logs": "firebase functions:log"
  },
  "engines": {
    "node": "24"
  },
  "main": "lib/index.js",
  "dependencies": {
    "cors": "^2.8.6",
    "dotenv": "^17.4.2",
    "express": "^5.2.1",
    "firebase-admin": "^13.6.0",
    "firebase-functions": "^7.0.0",
    "mongoose": "^9.5.0",
    "nodemailer": "^8.0.7"
  },
  "devDependencies": {
    "@types/cors": "^2.8.19",
    "@types/express": "^5.0.6",
    "@types/nodemailer": "^8.0.0",
    "firebase-functions-test": "^3.4.1",
    "typescript": "^5.7.3"
  },
  "private": true
}
[debug] [2026-04-28T11:47:28.625Z] Building nodejs source
[debug] [2026-04-28T11:47:28.625Z] Failed to find version of module node: reached end of search path /Users/coder618/Desktop/Personal/toys/toys-website/functions/node_modules
[warn] ⚠  functions: Your requested "node" version "24" doesn't match your global version "22". Using node@22 from host. 
[info] i  functions: Loaded environment variables from .env. 
[debug] [2026-04-28T11:47:28.627Z] Could not find functions.yaml. Must use http discovery
[debug] [2026-04-28T11:47:28.630Z] Found firebase-functions binary at '/Users/coder618/Desktop/Personal/toys/toys-website/functions/node_modules/.bin/firebase-functions'
[info] Serving at port 8179

[info] ◇ injected env (7) from .env // tip: ⌘ suppress logs { quiet: true }

[debug] [2026-04-28T11:47:29.133Z] Got response from /__/functions.yaml {"endpoints":{"api":{"availableMemoryMb":null,"timeoutSeconds":null,"minInstances":null,"maxInstances":10,"ingressSettings":null,"concurrency":null,"serviceAccountEmail":null,"vpc":null,"platform":"gcfv2","labels":{},"httpsTrigger":{},"entryPoint":"api"}},"specVersion":"v1alpha1","requiredAPIs":[],"extensions":{}}
[info] ✔  functions: Loaded functions definitions from source: api. {"metadata":{"emulator":{"name":"functions"},"message":"Loaded functions definitions from source: api."}}
[info] ✔  functions[us-central1-api]: http function initialized (http://127.0.0.1:5001/tooybd/us-central1/api). {"metadata":{"emulator":{"name":"functions"},"message":"\u001b[1mhttp\u001b[22m function initialized (http://127.0.0.1:5001/tooybd/us-central1/api)."}}
[debug] [2026-04-28T11:47:33.152Z] Could not find VSCode notification endpoint: FetchError: request to http://localhost:40001/vscode/notify failed, reason: . If you are not running the Firebase Data Connect VSCode extension, this is expected and not an issue.
[info] 
┌─────────────────────────────────────────────────────────────┐
│ ✔  All emulators ready! It is now safe to connect your app. │
│ i  View Emulator UI at http://127.0.0.1:4000/               │
└─────────────────────────────────────────────────────────────┘

┌───────────┬────────────────┬─────────────────────────────────┐
│ Emulator  │ Host:Port      │ View in Emulator UI             │
├───────────┼────────────────┼─────────────────────────────────┤
│ Functions │ 127.0.0.1:5001 │ http://127.0.0.1:4000/functions │
└───────────┴────────────────┴─────────────────────────────────┘
  Emulator Hub host: 127.0.0.1 port: 4400
  Other reserved ports: 4500

Issues? Report them at https://github.com/firebase/firebase-tools/issues and attach the *-debug.log files.
 
[debug] [2026-04-28T11:47:41.673Z] [work-queue] {"queuedWork":["/tooybd/us-central1/api/api/contact-2026-04-28T11:47:41.672Z"],"queueLength":1,"runningWork":[],"workRunningCount":0}
[debug] [2026-04-28T11:47:41.673Z] [work-queue] {"queuedWork":[],"queueLength":0,"runningWork":["/tooybd/us-central1/api/api/contact-2026-04-28T11:47:41.672Z"],"workRunningCount":1}
[debug] [2026-04-28T11:47:41.674Z] Accepted request OPTIONS /tooybd/us-central1/api/api/contact --> us-central1-api
[debug] [2026-04-28T11:47:41.674Z] [functions] Runtime ready! Sending request! {"metadata":{"emulator":{"name":"functions"},"message":"[functions] Runtime ready! Sending request!"}}
[debug] [2026-04-28T11:47:41.675Z] [functions] Got req.url=/tooybd/us-central1/api/api/contact, mapping to path=/api/contact {"metadata":{"emulator":{"name":"functions"},"message":"[functions] Got req.url=/tooybd/us-central1/api/api/contact, mapping to path=/api/contact"}}
[info] i  functions: Loaded environment variables from .env. 
[debug] [2026-04-28T11:47:41.679Z] [worker-pool] addWorker(us-central1-api) {"metadata":{"emulator":{"name":"functions"},"message":"[worker-pool] addWorker(us-central1-api)"}}
[debug] [2026-04-28T11:47:41.679Z] [worker-pool] Adding worker with key us-central1-api, total=1 {"metadata":{"emulator":{"name":"functions"},"message":"[worker-pool] Adding worker with key us-central1-api, total=1"}}
[debug] [2026-04-28T11:47:42.075Z] [runtime-status] [74975] Resolved module firebase-admin {"declared":true,"installed":true,"version":"13.8.0","resolution":"/Users/coder618/Desktop/Personal/toys/toys-website/functions/node_modules/firebase-admin/lib/index.js"} {"metadata":{"emulator":{"name":"functions"},"function":{"name":"us-central1-api"},"extension":{},"message":"[runtime-status] [74975] Resolved module firebase-admin {\"declared\":true,\"installed\":true,\"version\":\"13.8.0\",\"resolution\":\"/Users/coder618/Desktop/Personal/toys/toys-website/functions/node_modules/firebase-admin/lib/index.js\"}"}}
[debug] [2026-04-28T11:47:42.075Z] [runtime-status] [74975] Resolved module firebase-functions {"declared":true,"installed":true,"version":"7.2.5","resolution":"/Users/coder618/Desktop/Personal/toys/toys-website/functions/node_modules/firebase-functions/lib/v2/index.js"} {"metadata":{"emulator":{"name":"functions"},"function":{"name":"us-central1-api"},"extension":{},"message":"[runtime-status] [74975] Resolved module firebase-functions {\"declared\":true,\"installed\":true,\"version\":\"7.2.5\",\"resolution\":\"/Users/coder618/Desktop/Personal/toys/toys-website/functions/node_modules/firebase-functions/lib/v2/index.js\"}"}}
[debug] [2026-04-28T11:47:42.075Z] [runtime-status] [74975] Outgoing network have been stubbed. [{"name":"http","status":"mocked"},{"name":"http","status":"mocked"},{"name":"https","status":"mocked"},{"name":"https","status":"mocked"},{"name":"net","status":"mocked"}] {"metadata":{"emulator":{"name":"functions"},"function":{"name":"us-central1-api"},"extension":{},"message":"[runtime-status] [74975] Outgoing network have been stubbed. [{\"name\":\"http\",\"status\":\"mocked\"},{\"name\":\"http\",\"status\":\"mocked\"},{\"name\":\"https\",\"status\":\"mocked\"},{\"name\":\"https\",\"status\":\"mocked\"},{\"name\":\"net\",\"status\":\"mocked\"}]"}}
[debug] [2026-04-28T11:47:42.075Z] [runtime-status] [74975] Resolved module firebase-functions {"declared":true,"installed":true,"version":"7.2.5","resolution":"/Users/coder618/Desktop/Personal/toys/toys-website/functions/node_modules/firebase-functions/lib/v2/index.js"} {"metadata":{"emulator":{"name":"functions"},"function":{"name":"us-central1-api"},"extension":{},"message":"[runtime-status] [74975] Resolved module firebase-functions {\"declared\":true,\"installed\":true,\"version\":\"7.2.5\",\"resolution\":\"/Users/coder618/Desktop/Personal/toys/toys-website/functions/node_modules/firebase-functions/lib/v2/index.js\"}"}}
[debug] [2026-04-28T11:47:42.076Z] [runtime-status] [74975] Detected firebase-functions v7+, skipping legacy stubs. {"metadata":{"emulator":{"name":"functions"},"function":{"name":"us-central1-api"},"extension":{},"message":"[runtime-status] [74975] Detected firebase-functions v7+, skipping legacy stubs."}}
[debug] [2026-04-28T11:47:42.076Z] [runtime-status] [74975] Resolved module firebase-admin {"declared":true,"installed":true,"version":"13.8.0","resolution":"/Users/coder618/Desktop/Personal/toys/toys-website/functions/node_modules/firebase-admin/lib/index.js"} {"metadata":{"emulator":{"name":"functions"},"function":{"name":"us-central1-api"},"extension":{},"message":"[runtime-status] [74975] Resolved module firebase-admin {\"declared\":true,\"installed\":true,\"version\":\"13.8.0\",\"resolution\":\"/Users/coder618/Desktop/Personal/toys/toys-website/functions/node_modules/firebase-admin/lib/index.js\"}"}}
[debug] [2026-04-28T11:47:42.093Z] [runtime-status] [74975] Resolved module firebase-functions {"declared":true,"installed":true,"version":"7.2.5","resolution":"/Users/coder618/Desktop/Personal/toys/toys-website/functions/node_modules/firebase-functions/lib/v2/index.js"} {"metadata":{"emulator":{"name":"functions"},"function":{"name":"us-central1-api"},"extension":{},"message":"[runtime-status] [74975] Resolved module firebase-functions {\"declared\":true,\"installed\":true,\"version\":\"7.2.5\",\"resolution\":\"/Users/coder618/Desktop/Personal/toys/toys-website/functions/node_modules/firebase-functions/lib/v2/index.js\"}"}}
[debug] [2026-04-28T11:47:42.183Z] [runtime-status] [74975] firebase-admin has been stubbed. {"adminResolution":{"declared":true,"installed":true,"version":"13.8.0","resolution":"/Users/coder618/Desktop/Personal/toys/toys-website/functions/node_modules/firebase-admin/lib/index.js"}} {"metadata":{"emulator":{"name":"functions"},"function":{"name":"us-central1-api"},"extension":{},"message":"[runtime-status] [74975] firebase-admin has been stubbed. {\"adminResolution\":{\"declared\":true,\"installed\":true,\"version\":\"13.8.0\",\"resolution\":\"/Users/coder618/Desktop/Personal/toys/toys-website/functions/node_modules/firebase-admin/lib/index.js\"}}"}}
[debug] [2026-04-28T11:47:42.227Z] [runtime-status] [74975] initializeApp(DEFAULT) {"storageBucket":"tooybd.firebasestorage.app","projectId":"tooybd"} {"metadata":{"emulator":{"name":"functions"},"function":{"name":"us-central1-api"},"extension":{},"message":"[runtime-status] [74975] initializeApp(DEFAULT) {\"storageBucket\":\"tooybd.firebasestorage.app\",\"projectId\":\"tooybd\"}"}}
[info] >  ◇ injected env (0) from .env // tip: ⌘ multiple files { path: ['.env.local', '.env'] } {"user":"◇ injected env (0) from .env // tip: ⌘ multiple files { path: ['.env.local', '.env'] }","metadata":{"emulator":{"name":"functions"},"function":{"name":"us-central1-api"},"extension":{},"message":"\u001b[90m> \u001b[39m ◇ injected env (0) from .env // tip: ⌘ multiple files { path: ['.env.local', '.env'] }"}}
[debug] [2026-04-28T11:47:42.334Z] [runtime-status] [74975] Functions runtime initialized. {"cwd":"/Users/coder618/Desktop/Personal/toys/toys-website/functions","node_version":"22.22.0"} {"metadata":{"emulator":{"name":"functions"},"function":{"name":"us-central1-api"},"extension":{},"message":"[runtime-status] [74975] Functions runtime initialized. {\"cwd\":\"/Users/coder618/Desktop/Personal/toys/toys-website/functions\",\"node_version\":\"22.22.0\"}"}}
[debug] [2026-04-28T11:47:42.334Z] [runtime-status] [74975] Listening to port: /var/folders/s3/p5c3byds48d1sjwc45kq2m8h0000gn/T/fire_emu_6ecaad71c1a09fd5.sock {"metadata":{"emulator":{"name":"functions"},"function":{"name":"us-central1-api"},"extension":{},"message":"[runtime-status] [74975] Listening to port: /var/folders/s3/p5c3byds48d1sjwc45kq2m8h0000gn/T/fire_emu_6ecaad71c1a09fd5.sock"}}
[debug] [2026-04-28T11:47:42.393Z] [worker-us-central1-api-cbe74434-f4da-4bb4-88a8-91ee10df6c71]: IDLE {"metadata":{"emulator":{"name":"functions"},"function":{"name":"us-central1-api"},"extension":{},"message":"[worker-us-central1-api-cbe74434-f4da-4bb4-88a8-91ee10df6c71]: IDLE"}}
[debug] [2026-04-28T11:47:42.393Z] [worker-pool] submitRequest(triggerId=us-central1-api) {"metadata":{"emulator":{"name":"functions"},"message":"[worker-pool] submitRequest(triggerId=us-central1-api)"}}
[info] i  functions: Beginning execution of "us-central1-api" {"metadata":{"emulator":{"name":"functions"},"function":{"name":"us-central1-api"},"extension":{},"message":"Beginning execution of \"us-central1-api\""}}
[debug] [2026-04-28T11:47:42.393Z] [worker-us-central1-api-cbe74434-f4da-4bb4-88a8-91ee10df6c71]: BUSY {"metadata":{"emulator":{"name":"functions"},"function":{"name":"us-central1-api"},"extension":{},"message":"[worker-us-central1-api-cbe74434-f4da-4bb4-88a8-91ee10df6c71]: BUSY"}}
[debug] [2026-04-28T11:47:42.396Z] Finishing up request with event=pause {"metadata":{"emulator":{"name":"functions"},"function":{"name":"us-central1-api"},"extension":{},"message":"Finishing up request with event=pause"}}
[info] i  functions: Finished "us-central1-api" in 3.30325ms {"metadata":{"emulator":{"name":"functions"},"function":{"name":"us-central1-api"},"extension":{},"message":"Finished \"us-central1-api\" in 3.30325ms"}}
[debug] [2026-04-28T11:47:42.397Z] [worker-us-central1-api-cbe74434-f4da-4bb4-88a8-91ee10df6c71]: IDLE {"metadata":{"emulator":{"name":"functions"},"function":{"name":"us-central1-api"},"extension":{},"message":"[worker-us-central1-api-cbe74434-f4da-4bb4-88a8-91ee10df6c71]: IDLE"}}
[debug] [2026-04-28T11:47:42.397Z] Finishing up request with event=finish {"metadata":{"emulator":{"name":"functions"},"function":{"name":"us-central1-api"},"extension":{},"message":"Finishing up request with event=finish"}}
[debug] [2026-04-28T11:47:42.397Z] Finishing up request with event=close {"metadata":{"emulator":{"name":"functions"},"function":{"name":"us-central1-api"},"extension":{},"message":"Finishing up request with event=close"}}
[debug] [2026-04-28T11:47:42.397Z] [work-queue] {"queuedWork":[],"queueLength":0,"runningWork":[],"workRunningCount":0}
[debug] [2026-04-28T11:47:42.398Z] [work-queue] {"queuedWork":["/tooybd/us-central1/api/api/contact-2026-04-28T11:47:42.398Z"],"queueLength":1,"runningWork":[],"workRunningCount":0}
[debug] [2026-04-28T11:47:42.398Z] [work-queue] {"queuedWork":[],"queueLength":0,"runningWork":["/tooybd/us-central1/api/api/contact-2026-04-28T11:47:42.398Z"],"workRunningCount":1}
[debug] [2026-04-28T11:47:42.398Z] Accepted request POST /tooybd/us-central1/api/api/contact --> us-central1-api
[debug] [2026-04-28T11:47:42.398Z] [functions] Runtime ready! Sending request! {"metadata":{"emulator":{"name":"functions"},"message":"[functions] Runtime ready! Sending request!"}}
[debug] [2026-04-28T11:47:42.398Z] [functions] Got req.url=/tooybd/us-central1/api/api/contact, mapping to path=/api/contact {"metadata":{"emulator":{"name":"functions"},"message":"[functions] Got req.url=/tooybd/us-central1/api/api/contact, mapping to path=/api/contact"}}
[debug] [2026-04-28T11:47:42.398Z] [worker-pool] submitRequest(triggerId=us-central1-api) {"metadata":{"emulator":{"name":"functions"},"message":"[worker-pool] submitRequest(triggerId=us-central1-api)"}}
[info] i  functions: Beginning execution of "us-central1-api" {"metadata":{"emulator":{"name":"functions"},"function":{"name":"us-central1-api"},"extension":{},"message":"Beginning execution of \"us-central1-api\""}}
[debug] [2026-04-28T11:47:42.398Z] [worker-us-central1-api-cbe74434-f4da-4bb4-88a8-91ee10df6c71]: BUSY {"metadata":{"emulator":{"name":"functions"},"function":{"name":"us-central1-api"},"extension":{},"message":"[worker-us-central1-api-cbe74434-f4da-4bb4-88a8-91ee10df6c71]: BUSY"}}
[info] >  {"severity":"INFO","message":"Contact form email sent from: a1islam@outlook.com"} {"user":{"severity":"INFO","message":"Contact form email sent from: a1islam@outlook.com"},"metadata":{"emulator":{"name":"functions"},"function":{"name":"us-central1-api"},"extension":{},"message":"\u001b[90m> \u001b[39m {\"severity\":\"INFO\",\"message\":\"Contact form email sent from: a1islam@outlook.com\"}"}}
[debug] [2026-04-28T11:47:46.200Z] Finishing up request with event=pause {"metadata":{"emulator":{"name":"functions"},"function":{"name":"us-central1-api"},"extension":{},"message":"Finishing up request with event=pause"}}
[info] i  functions: Finished "us-central1-api" in 3803.735958ms {"metadata":{"emulator":{"name":"functions"},"function":{"name":"us-central1-api"},"extension":{},"message":"Finished \"us-central1-api\" in 3803.735958ms"}}
[debug] [2026-04-28T11:47:46.204Z] [worker-us-central1-api-cbe74434-f4da-4bb4-88a8-91ee10df6c71]: IDLE {"metadata":{"emulator":{"name":"functions"},"function":{"name":"us-central1-api"},"extension":{},"message":"[worker-us-central1-api-cbe74434-f4da-4bb4-88a8-91ee10df6c71]: IDLE"}}
[debug] [2026-04-28T11:47:46.204Z] Finishing up request with event=finish {"metadata":{"emulator":{"name":"functions"},"function":{"name":"us-central1-api"},"extension":{},"message":"Finishing up request with event=finish"}}
[debug] [2026-04-28T11:47:46.204Z] Finishing up request with event=close {"metadata":{"emulator":{"name":"functions"},"function":{"name":"us-central1-api"},"extension":{},"message":"Finishing up request with event=close"}}
[debug] [2026-04-28T11:47:46.204Z] [work-queue] {"queuedWork":[],"queueLength":0,"runningWork":[],"workRunningCount":0}
[debug] [2026-04-28T11:48:41.316Z] File /Users/coder618/Desktop/Personal/toys/toys-website/functions/src/routes/email.ts changed, reloading triggers {"metadata":{"emulator":{"name":"functions"},"message":"File /Users/coder618/Desktop/Personal/toys/toys-website/functions/src/routes/email.ts changed, reloading triggers"}}
[debug] [2026-04-28T11:48:42.319Z] Validating nodejs source
[debug] [2026-04-28T11:48:42.761Z] > [functions] package.json contents: {
  "name": "functions",
  "scripts": {
    "build": "tsc",
    "build:watch": "tsc --watch",
    "serve": "npm run build && firebase emulators:start --only functions",
    "shell": "npm run build && firebase functions:shell",
    "start": "npm run shell",
    "deploy": "firebase deploy --only functions",
    "logs": "firebase functions:log"
  },
  "engines": {
    "node": "24"
  },
  "main": "lib/index.js",
  "dependencies": {
    "cors": "^2.8.6",
    "dotenv": "^17.4.2",
    "express": "^5.2.1",
    "firebase-admin": "^13.6.0",
    "firebase-functions": "^7.0.0",
    "mongoose": "^9.5.0",
    "nodemailer": "^8.0.7"
  },
  "devDependencies": {
    "@types/cors": "^2.8.19",
    "@types/express": "^5.0.6",
    "@types/nodemailer": "^8.0.0",
    "firebase-functions-test": "^3.4.1",
    "typescript": "^5.7.3"
  },
  "private": true
}
[debug] [2026-04-28T11:48:42.761Z] Building nodejs source
[debug] [2026-04-28T11:48:42.761Z] Failed to find version of module node: reached end of search path /Users/coder618/Desktop/Personal/toys/toys-website/functions/node_modules
[warn] ⚠  functions: Your requested "node" version "24" doesn't match your global version "22". Using node@22 from host. 
[info] i  functions: Loaded environment variables from .env. 
[debug] [2026-04-28T11:48:42.762Z] Could not find functions.yaml. Must use http discovery
[debug] [2026-04-28T11:48:42.763Z] Found firebase-functions binary at '/Users/coder618/Desktop/Personal/toys/toys-website/functions/node_modules/.bin/firebase-functions'
[info] Serving at port 8939

[info] ◇ injected env (7) from .env // tip: ⌘ custom filepath { path: '/custom/path/.env' }

[debug] [2026-04-28T11:48:43.330Z] Got response from /__/functions.yaml {"endpoints":{"api":{"availableMemoryMb":null,"timeoutSeconds":null,"minInstances":null,"maxInstances":10,"ingressSettings":null,"concurrency":null,"serviceAccountEmail":null,"vpc":null,"platform":"gcfv2","labels":{},"httpsTrigger":{},"entryPoint":"api"}},"specVersion":"v1alpha1","requiredAPIs":[],"extensions":{}}
[info] ✔  functions: Loaded functions definitions from source: api. {"metadata":{"emulator":{"name":"functions"},"message":"Loaded functions definitions from source: api."}}
[debug] [2026-04-28T11:48:47.351Z] [worker-pool] Shutting down IDLE worker (us-central1-api) {"metadata":{"emulator":{"name":"functions"},"message":"[worker-pool] Shutting down IDLE worker (us-central1-api)"}}
[debug] [2026-04-28T11:48:47.351Z] [worker-us-central1-api-cbe74434-f4da-4bb4-88a8-91ee10df6c71]: FINISHING {"metadata":{"emulator":{"name":"functions"},"function":{"name":"us-central1-api"},"extension":{},"message":"[worker-us-central1-api-cbe74434-f4da-4bb4-88a8-91ee10df6c71]: FINISHING"}}
[debug] [2026-04-28T11:48:47.356Z] [worker-us-central1-api-cbe74434-f4da-4bb4-88a8-91ee10df6c71]: exited {"metadata":{"emulator":{"name":"functions"},"function":{"name":"us-central1-api"},"extension":{},"message":"[worker-us-central1-api-cbe74434-f4da-4bb4-88a8-91ee10df6c71]: exited"}}
[debug] [2026-04-28T11:48:47.357Z] [worker-us-central1-api-cbe74434-f4da-4bb4-88a8-91ee10df6c71]: FINISHED {"metadata":{"emulator":{"name":"functions"},"function":{"name":"us-central1-api"},"extension":{},"message":"[worker-us-central1-api-cbe74434-f4da-4bb4-88a8-91ee10df6c71]: FINISHED"}}
